<?xml version="1.0" encoding="UTF-8"?>
<testsuite name="CodeSharingPlatformTest" tests="1" skipped="0" failures="0" errors="0" timestamp="2021-10-19T12:58:25" hostname="nil" time="2.416">
  <properties/>
  <testcase name="start" classname="CodeSharingPlatformTest" time="2.416"/>
  <system-out><![CDATA[?[1;31m
Start test 1?[0m

  .   ____          _            __ _ _
 /\\ / ___'_ __ _ _(_)_ __  __ _ \ \ \ \
( ( )\___ | '_ | '_| | '_ \/ _` | \ \ \ \
 \\/  ___)| |_)| | | | | || (_| |  ) ) ) )
  '  |____| .__|_| |_|_| |_\__, | / / / /
 =========|_|==============|___/=/_/_/_/
 :: Spring Boot ::        (v2.3.3.RELEASE)

2021-10-19 20:58:26.408  INFO 153343 --- [    Test worker] platform.CodeSharingPlatform             : Starting CodeSharingPlatform on nil with PID 153343 (started by nilryan in /home/nilryan/IdeaProjects/Code Sharing Platform/Code Sharing Platform/task)
2021-10-19 20:58:26.410  INFO 153343 --- [    Test worker] platform.CodeSharingPlatform             : No active profile set, falling back to default profiles: default
2021-10-19 20:58:27.335  INFO 153343 --- [    Test worker] o.s.b.w.embedded.tomcat.TomcatWebServer  : Tomcat initialized with port(s): 8889 (http)
2021-10-19 20:58:27.343  INFO 153343 --- [    Test worker] o.apache.catalina.core.StandardService   : Starting service [Tomcat]
2021-10-19 20:58:27.344  INFO 153343 --- [    Test worker] org.apache.catalina.core.StandardEngine  : Starting Servlet engine: [Apache Tomcat/9.0.37]
2021-10-19 20:58:27.432  INFO 153343 --- [    Test worker] o.a.c.c.C.[Tomcat].[localhost].[/]       : Initializing Spring embedded WebApplicationContext
2021-10-19 20:58:27.432  INFO 153343 --- [    Test worker] w.s.c.ServletWebServerApplicationContext : Root WebApplicationContext: initialization completed in 973 ms
2021-10-19 20:58:27.677  INFO 153343 --- [    Test worker] o.s.s.concurrent.ThreadPoolTaskExecutor  : Initializing ExecutorService 'applicationTaskExecutor'
2021-10-19 20:58:27.912  INFO 153343 --- [    Test worker] o.s.b.a.e.web.EndpointLinksResolver      : Exposing 14 endpoint(s) beneath base path '/actuator'
2021-10-19 20:58:27.949  INFO 153343 --- [    Test worker] o.s.b.w.embedded.tomcat.TomcatWebServer  : Tomcat started on port(s): 8889 (http) with context path ''
2021-10-19 20:58:27.960  INFO 153343 --- [    Test worker] platform.CodeSharingPlatform             : Started CodeSharingPlatform in 1.817 seconds (JVM running for 2.477)
2021-10-19 20:58:28.230  INFO 153343 --- [nio-8889-exec-1] o.a.c.c.C.[Tomcat].[localhost].[/]       : Initializing Spring DispatcherServlet 'dispatcherServlet'
2021-10-19 20:58:28.231  INFO 153343 --- [nio-8889-exec-1] o.s.web.servlet.DispatcherServlet        : Initializing Servlet 'dispatcherServlet'
2021-10-19 20:58:28.239  INFO 153343 --- [nio-8889-exec-1] o.s.web.servlet.DispatcherServlet        : Completed initialization in 8 ms
?[1;31m
Start test 2?[0m
?[1;31m
Start test 3?[0m
]]></system-out>
  <system-err><![CDATA[]]></system-err>
</testsuite>
